<?xml version="1.0" encoding="UTF-8"?>
<testsuite xmlns:xsi="http://www.w3.org/2001/XMLSchema-instance" xsi:noNamespaceSchemaLocation="https://maven.apache.org/surefire/maven-surefire-plugin/xsd/surefire-test-report-3.0.xsd" version="3.0" name="com.hrms.runners.SmokeRunner" time="0.636" tests="17" errors="0" skipped="17" failures="0">
  <properties>
[...]
</properties>
  <testcase name="Add Employee with first and lastname" classname="AddEployee" time="0">
    <skipped message="This scenario is skipped"/>
    <system-out><![CDATA[
@smoke
Scenario: Add Employee with first and lastname      # src/test/resources/features/AddEmployee.feature:8
  Given user is logged with valid admin credentials # com.hrms.steps.LoginSteps.user_is_logged_with_valid_admin_credentials()
  And user navigates to AddEmployeePage             # com.hrms.steps.AddEmployee.user_navigates_to_AddEmployeePage()
  When user enters employees "Jame" and "Smith"     # com.hrms.steps.AddEmployee.user_enters_employees_first_name_and_last_name(java.lang.String,java.lang.String)
  And user clicks save button                       # com.hrms.steps.AddEmployee.user_clicks_save_button()
  Then "Jame Smith" is added successfully           # com.hrms.steps.AddEmployee.employee_is_added_successfully(java.lang.String)
]]></system-out>
    <system-err><![CDATA[Jun 13, 2020 11:00:53 AM io.cucumber.junit.Cucumber <init>
WARNING: By default Cucumber is running in --non-strict mode.
This default will change to --strict and --non-strict will be removed.
You can use --strict or @CucumberOptions(strict = true) to suppress this warning
]]></system-err>
  </testcase>
  <testcase name="Add Employee without employee id" classname="AddEployee" time="0">
    <skipped message="This scenario is skipped"/>
    <system-out><![CDATA[
@smoke
Scenario: Add Employee without employee id          # src/test/resources/features/AddEmployee.feature:14
  Given user is logged with valid admin credentials # com.hrms.steps.LoginSteps.user_is_logged_with_valid_admin_credentials()
  And user navigates to AddEmployeePage             # com.hrms.steps.AddEmployee.user_navigates_to_AddEmployeePage()
  When user enters employees "Banita" and "Bon"     # com.hrms.steps.AddEmployee.user_enters_employees_first_name_and_last_name(java.lang.String,java.lang.String)
  And user deletes employee id                      # com.hrms.steps.AddEmployee.user_deletes_employee_id()
  And user clicks save button                       # com.hrms.steps.AddEmployee.user_clicks_save_button()
  Then "Banita Bon" is added successfully           # com.hrms.steps.AddEmployee.employee_is_added_successfully(java.lang.String)
]]></system-out>
  </testcase>
  <testcase name="AddEmployee and create Login Credentials" classname="AddEployee" time="0">
    <skipped message="This scenario is skipped"/>
    <system-out><![CDATA[
@smoke
Scenario: AddEmployee and create Login Credentials  # src/test/resources/features/AddEmployee.feature:21
  Given user is logged with valid admin credentials # com.hrms.steps.LoginSteps.user_is_logged_with_valid_admin_credentials()
  And user navigates to AddEmployeePage             # com.hrms.steps.AddEmployee.user_navigates_to_AddEmployeePage()
  When user enters employees "taras" and "tar"      # com.hrms.steps.AddEmployee.user_enters_employees_first_name_and_last_name(java.lang.String,java.lang.String)
  And user clicks on create login checkbox          # com.hrms.steps.AddEmployee.user_clicks_on_create_login_checkbox()
  And user enters login credentials                 # com.hrms.steps.AddEmployee.user_enters_login_credentials()
  And user clicks save button                       # com.hrms.steps.AddEmployee.user_clicks_save_button()
  Then "taras tar" is added successfully            # com.hrms.steps.AddEmployee.employee_is_added_successfully(java.lang.String)
]]></system-out>
  </testcase>
  <testcase name="Adding multiple employees" classname="AddEployee" time="0">
    <skipped message="This scenario is skipped"/>
    <system-out><![CDATA[
@smoke
Scenario Outline: Adding multiple employees             # src/test/resources/features/AddEmployee.feature:38
  Given user is logged with valid admin credentials     # com.hrms.steps.LoginSteps.user_is_logged_with_valid_admin_credentials()
  And user navigates to AddEmployeePage                 # com.hrms.steps.AddEmployee.user_navigates_to_AddEmployeePage()
  When user enter employees "James", "Jad" and "Smith"  # com.hrms.steps.AddEmployee.enteringEmployee(java.lang.String,java.lang.String,java.lang.String)
  And user clicks save button                           # com.hrms.steps.AddEmployee.user_clicks_save_button()
  Then "James", "Jad" and "Smith" is added successfully # com.hrms.steps.AddEmployee.and_is_added_successfully(java.lang.String,java.lang.String,java.lang.String)
]]></system-out>
  </testcase>
  <testcase name="Adding multiple employees" classname="AddEployee" time="0">
    <skipped message="This scenario is skipped"/>
    <system-out><![CDATA[
@smoke
Scenario Outline: Adding multiple employees              # src/test/resources/features/AddEmployee.feature:39
  Given user is logged with valid admin credentials      # com.hrms.steps.LoginSteps.user_is_logged_with_valid_admin_credentials()
  And user navigates to AddEmployeePage                  # com.hrms.steps.AddEmployee.user_navigates_to_AddEmployeePage()
  When user enter employees "Faisal", "Fus" and "Sakhi"  # com.hrms.steps.AddEmployee.enteringEmployee(java.lang.String,java.lang.String,java.lang.String)
  And user clicks save button                            # com.hrms.steps.AddEmployee.user_clicks_save_button()
  Then "Faisal", "Fus" and "Sakhi" is added successfully # com.hrms.steps.AddEmployee.and_is_added_successfully(java.lang.String,java.lang.String,java.lang.String)
]]></system-out>
  </testcase>
  <testcase name="Adding multiple employees" classname="AddEployee" time="0">
    <skipped message="This scenario is skipped"/>
    <system-out><![CDATA[
@smoke
Scenario Outline: Adding multiple employees                 # src/test/resources/features/AddEmployee.feature:40
  Given user is logged with valid admin credentials         # com.hrms.steps.LoginSteps.user_is_logged_with_valid_admin_credentials()
  And user navigates to AddEmployeePage                     # com.hrms.steps.AddEmployee.user_navigates_to_AddEmployeePage()
  When user enter employees "Sohil", "Sad" and "Instuctor"  # com.hrms.steps.AddEmployee.enteringEmployee(java.lang.String,java.lang.String,java.lang.String)
  And user clicks save button                               # com.hrms.steps.AddEmployee.user_clicks_save_button()
  Then "Sohil", "Sad" and "Instuctor" is added successfully # com.hrms.steps.AddEmployee.and_is_added_successfully(java.lang.String,java.lang.String,java.lang.String)
]]></system-out>
  </testcase>
  <testcase name="Adding multiple employees" classname="AddEployee" time="0">
    <skipped message="This scenario is skipped"/>
    <system-out><![CDATA[
@smoke
Scenario Outline: Adding multiple employees                # src/test/resources/features/AddEmployee.feature:41
  Given user is logged with valid admin credentials        # com.hrms.steps.LoginSteps.user_is_logged_with_valid_admin_credentials()
  And user navigates to AddEmployeePage                    # com.hrms.steps.AddEmployee.user_navigates_to_AddEmployeePage()
  When user enter employees "Yunus", "Emrery" and "Yakut"  # com.hrms.steps.AddEmployee.enteringEmployee(java.lang.String,java.lang.String,java.lang.String)
  And user clicks save button                              # com.hrms.steps.AddEmployee.user_clicks_save_button()
  Then "Yunus", "Emrery" and "Yakut" is added successfully # com.hrms.steps.AddEmployee.and_is_added_successfully(java.lang.String,java.lang.String,java.lang.String)
]]></system-out>
  </testcase>
  <testcase name="Adding multiple employee from excel" classname="AddEployee" time="0">
    <skipped message="This scenario is skipped"/>
    <system-out><![CDATA[
@smoke
Scenario: Adding multiple employee from excel                                     # src/test/resources/features/AddEmployee.feature:52
  Given user is logged with valid admin credentials                               # com.hrms.steps.LoginSteps.user_is_logged_with_valid_admin_credentials()
  And user navigates to AddEmployeePage                                           # com.hrms.steps.AddEmployee.user_navigates_to_AddEmployeePage()
  When user enters employee data from "Loggin" excel sheet then employee is added # com.hrms.steps.AddEmployee.user_enters_employee_data_from_excel_sheet_then_employee_is_added(java.lang.String)
]]></system-out>
  </testcase>
  <testcase name="Dashboard menu view for admin" classname="Dashboard" time="0">
    <skipped message="This scenario is skipped"/>
    <system-out><![CDATA[
@smoke
Scenario: Dashboard menu view for admin            # src/test/resources/features/Dashboard.feature:5
  When user is logged with valid admin credentials # com.hrms.steps.LoginSteps.user_is_logged_with_valid_admin_credentials()
  Then user see dashboard menu is displayed        # com.hrms.steps.DashboardSteps.user_see_dashboard_menu_is_displayed(io.cucumber.datatable.DataTable)
]]></system-out>
  </testcase>
  <testcase name="EMPTY_NAME" classname="Dashboard" time="0">
    <skipped message="This scenario is skipped"/>
    <system-out><![CDATA[
@smoke
Scenario:                                                   # src/test/resources/features/Dashboard.feature:11
  When user enter valid ess "Alex121016" and "Alex121016$." # com.hrms.steps.LoginSteps.user_enter_valid_ess_and(java.lang.String,java.lang.String)
  And user click on login button                            # com.hrms.steps.LoginSteps.user_click_on_login_button()
  Then user see ess dashboard menu is displayed             # com.hrms.steps.DashboardSteps.user_see_ess_dashboard_menu_is_displayed(io.cucumber.datatable.DataTable)
]]></system-out>
  </testcase>
  <testcase name="EMPTY_NAME" classname="Login" time="0">
    <skipped message="This scenario is skipped"/>
    <system-out><![CDATA[
@smoke
Scenario Outline:                                     # src/test/resources/features/Login.feature:11
  When user enter valid ess "Admin" and "Hum@nhrm123" # com.hrms.steps.LoginSteps.user_enter_valid_ess_and(java.lang.String,java.lang.String)
  And user click on login button                      # com.hrms.steps.LoginSteps.user_click_on_login_button()
  Then "Admin" is successfully logged in              # com.hrms.steps.LoginSteps.is_successfully_logged_in(java.lang.String)
]]></system-out>
  </testcase>
  <testcase name="EMPTY_NAME" classname="Login" time="0">
    <skipped message="This scenario is skipped"/>
    <system-out><![CDATA[
@smoke
Scenario Outline:                                           # src/test/resources/features/Login.feature:12
  When user enter valid ess "Alex121016" and "Alex121016$." # com.hrms.steps.LoginSteps.user_enter_valid_ess_and(java.lang.String,java.lang.String)
  And user click on login button                            # com.hrms.steps.LoginSteps.user_click_on_login_button()
  Then "Alex" is successfully logged in                     # com.hrms.steps.LoginSteps.is_successfully_logged_in(java.lang.String)
]]></system-out>
  </testcase>
  <testcase name="EMPTY_NAME" classname="Login" time="0">
    <skipped message="This scenario is skipped"/>
    <system-out><![CDATA[
@smoke
Scenario Outline:                                             # src/test/resources/features/Login.feature:23
  When User enter empty "Admin"  and invalid ""               # com.hrms.steps.LoginSteps.user_enter_valid_and_invalid(java.lang.String,java.lang.String)
  And user click on login button                              # com.hrms.steps.LoginSteps.user_click_on_login_button()
  Then User see "Password cannot be empty" text on login page # com.hrms.steps.LoginSteps.user_see_text_on_login_page(java.lang.String)
]]></system-out>
  </testcase>
  <testcase name="EMPTY_NAME" classname="Login" time="0">
    <skipped message="This scenario is skipped"/>
    <system-out><![CDATA[
@smoke
Scenario Outline:                                             # src/test/resources/features/Login.feature:24
  When User enter empty ""  and invalid "Syntax123!"          # com.hrms.steps.LoginSteps.user_enter_valid_and_invalid(java.lang.String,java.lang.String)
  And user click on login button                              # com.hrms.steps.LoginSteps.user_click_on_login_button()
  Then User see "Username cannot be empty" text on login page # com.hrms.steps.LoginSteps.user_see_text_on_login_page(java.lang.String)
]]></system-out>
  </testcase>
  <testcase name=": Login with empty username and valid password" classname="Login" time="0">
    <skipped message="This scenario is skipped"/>
    <system-out><![CDATA[
@smoke
Scenario: : Login with empty username and valid password # src/test/resources/features/Login.feature:28
  When i enter empty credentials and see error massage   # com.hrms.steps.LoginSteps.i_enter_empty_credentials_and_valid_passwordand_see_error_massage(io.cucumber.datatable.DataTable)
]]></system-out>
  </testcase>
  <testcase name="modifine personal details" classname="PersonalDetails" time="0">
    <skipped message="This scenario is skipped"/>
    <system-out><![CDATA[
@smoke
Scenario: modifine personal details                 # src/test/resources/features/PersonalDetails.feature:8
  Given user is logged with valid admin credentials # com.hrms.steps.LoginSteps.user_is_logged_with_valid_admin_credentials()
  And user navigates to AddEmployeePage             # com.hrms.steps.AddEmployee.user_navigates_to_AddEmployeePage()
  When user enters employees "Jame" and "Smith"     # com.hrms.steps.AddEmployee.user_enters_employees_first_name_and_last_name(java.lang.String,java.lang.String)
  And user clicks save button                       # com.hrms.steps.AddEmployee.user_clicks_save_button()
  Then "Jame Smith" is added successfully           # com.hrms.steps.AddEmployee.employee_is_added_successfully(java.lang.String)
  And user click on edit button                     # com.hrms.steps.PesronalDetailsSteps.user_click_on_edit_button()
  Then User modifiy information                     # com.hrms.steps.PesronalDetailsSteps.user_modifiy_information(io.cucumber.datatable.DataTable)
  And user click save button                        # com.hrms.steps.PesronalDetailsSteps.user_click_save_button()
  Then personal details is added successfully       # com.hrms.steps.PesronalDetailsSteps.personal_details_is_added_successfully()
]]></system-out>
  </testcase>
  <testcase name="Search employee by id" classname="Employee Search" time="0">
    <skipped message="This scenario is skipped"/>
    <system-out><![CDATA[
@searchEmployee @sprint13 @smoke
Scenario: Search employee by id                     # src/test/resources/features/SearchEmployee.feature:8
  Given user is logged with valid admin credentials # com.hrms.steps.LoginSteps.user_is_logged_with_valid_admin_credentials()
  And user navigate to employee list page           # com.hrms.steps.EmployeeSearchSteps.user_navigate_to_employee_list_page()
  When user enters valid employee id "10079"        # com.hrms.steps.EmployeeSearchSteps.user_enters_valid_employee_id(java.lang.String)
  And click on search button                        # com.hrms.steps.EmployeeSearchSteps.click_on_search_button()
  Then user see employee information is displayed   # com.hrms.steps.EmployeeSearchSteps.user_see_employee_information_is_displayed()
]]></system-out>
  </testcase>
</testsuite>